<?xml version="1.0" encoding="UTF-8"?>
<robot generator="Robot 7.0 (Python 3.8.10 on linux)" generated="2024-02-09T18:04:16.718420" rpa="false" schemaversion="5">
<suite id="s1" name="Go to Products" source="/home/drashti/Documents/Android_Automation/robot-files/Web_Automation/Robot_Files/Nopcommerce_Automation/Test_Cases/Web/Go_to_Products.robot">
<test id="s1-t1" name="Go to Products" line="6">
<kw name="Wait Until Element Is Visible" owner="SeleniumLibrary">
<msg time="2024-02-09T18:04:16.982322" level="INFO">Cannot capture screenshot because no browser is open.</msg>
<msg time="2024-02-09T18:04:16.985107" level="FAIL">No browser is open.</msg>
<arg>${Products}</arg>
<doc>Waits until the element ``locator`` is visible.</doc>
<status status="FAIL" start="2024-02-09T18:04:16.978280" elapsed="0.010806">No browser is open.</status>
</kw>
<kw name="Click Element" owner="SeleniumLibrary">
<arg>${Products}</arg>
<doc>Click the element identified by ``locator``.</doc>
<status status="NOT RUN" start="2024-02-09T18:04:16.991832" elapsed="0.000486"/>
</kw>
<kw name="Capture Page Screenshot" owner="SeleniumLibrary">
<doc>Takes a screenshot of the current page and embeds it into a log file.</doc>
<status status="NOT RUN" start="2024-02-09T18:04:16.994745" elapsed="0.000536"/>
</kw>
<kw name="Set Variable" owner="BuiltIn">
<var>${screenshot_path}</var>
<arg>/home/drashti/Documents/Android_Automation/robot-files/Web_Automation/Robot_Files/Nopcommerce_Automation/Results/Web/Products.png</arg>
<doc>Returns the given values which can then be assigned to a variables.</doc>
<status status="NOT RUN" start="2024-02-09T18:04:16.997193" elapsed="0.000455"/>
</kw>
<kw name="Save Screenshot" owner="Save_ss">
<arg>${screenshot_path}</arg>
<status status="NOT RUN" start="2024-02-09T18:04:16.998657" elapsed="0.000335"/>
</kw>
<kw name="Execute Javascript" owner="SeleniumLibrary">
<arg>window.scrollBy(0,800)</arg>
<doc>Executes the given JavaScript code with possible arguments.</doc>
<status status="NOT RUN" start="2024-02-09T18:04:16.999803" elapsed="0.000694"/>
</kw>
<kw name="Wait Until Element Is Visible" owner="SeleniumLibrary">
<arg>${Next_page}</arg>
<doc>Waits until the element ``locator`` is visible.</doc>
<status status="NOT RUN" start="2024-02-09T18:04:17.001577" elapsed="0.000364"/>
</kw>
<kw name="Click Element" owner="SeleniumLibrary">
<arg>${Next_page}</arg>
<doc>Click the element identified by ``locator``.</doc>
<status status="NOT RUN" start="2024-02-09T18:04:17.002959" elapsed="0.000396"/>
</kw>
<kw name="Wait Until Element Is Visible" owner="SeleniumLibrary">
<arg>${Wait_for}</arg>
<doc>Waits until the element ``locator`` is visible.</doc>
<status status="NOT RUN" start="2024-02-09T18:04:17.004991" elapsed="0.000772"/>
</kw>
<kw name="Wait Until Element Is Visible" owner="SeleniumLibrary">
<arg>${Prev_page}</arg>
<doc>Waits until the element ``locator`` is visible.</doc>
<status status="NOT RUN" start="2024-02-09T18:04:17.007294" elapsed="0.000532"/>
</kw>
<kw name="Execute Javascript" owner="SeleniumLibrary">
<arg>window.scrollBy(0,800)</arg>
<doc>Executes the given JavaScript code with possible arguments.</doc>
<status status="NOT RUN" start="2024-02-09T18:04:17.010917" elapsed="0.000538"/>
</kw>
<kw name="Click Element" owner="SeleniumLibrary">
<arg>${Prev_page}</arg>
<doc>Click the element identified by ``locator``.</doc>
<status status="NOT RUN" start="2024-02-09T18:04:17.012668" elapsed="0.000343"/>
</kw>
<doc>Open the website in a web browser</doc>
<status status="FAIL" start="2024-02-09T18:04:16.973412" elapsed="0.040636">No browser is open.</status>
</test>
<status status="FAIL" start="2024-02-09T18:04:16.725135" elapsed="0.290843"/>
</suite>
<statistics>
<total>
<stat pass="0" fail="1" skip="0">All Tests</stat>
</total>
<tag>
</tag>
<suite>
<stat pass="0" fail="1" skip="0" id="s1" name="Go to Products">Go to Products</stat>
</suite>
</statistics>
<errors>
</errors>
</robot>
